# JRE version: OpenJDK Runtime Environment (21.0.10) (build 21.0.10+-14961533-b1163.108)
# Java VM: OpenJDK 64-Bit Server VM (21.0.10+-14961533-b1163.108, mixed mode, tiered, compressed oops, compressed class ptrs, g1 gc, windows-amd64)
GC Precious Log:
 CardTable entry size: 512
 Card Set container configuration: InlinePtr #cards 4 size 8 Array Of Cards #cards 32 size 80 Howl #buckets 8 coarsen threshold 7372 Howl Bitmap #cards 1024 size 144 coarsen threshold 921 Card regions per heap region 1 cards per card region 8192
 CPUs: 16 total, 16 available
 Memory: 65447M
 Large Page Support: Disabled
 NUMA Support: Disabled
 Compressed Oops: Enabled (Zero based)
 Heap Region Size: 4M
 Heap Min Capacity: 8M
 Heap Initial Capacity: 1G
 Heap Max Capacity: 8G
 Pre-touch: Disabled
 Parallel Workers: 13
 Concurrent Workers: 3
 Concurrent Refinement Workers: 13
 Periodic GC: Disabled
Heap:
 garbage-first heap   total 139264K, used 84009K [0x0000000600000000, 0x0000000800000000)
  region size 4096K, 2 young (8192K), 2 survivors (8192K)
 Metaspace       used 86999K, committed 88832K, reserved 1179648K
  class space    used 12468K, committed 13376K, reserved 1048576K
GC Heap History (20 events):
Event: 24.181 GC heap after
{Heap after GC invocations=23 (full 0):
 garbage-first heap   total 110592K, used 59852K [0x0000000600000000, 0x0000000800000000)
  region size 4096K, 2 young (8192K), 2 survivors (8192K)
 Metaspace       used 78892K, committed 80640K, reserved 1179648K
  class space    used 11250K, committed 12096K, reserved 1048576K
}
Event: 26.239 GC heap before
{Heap before GC invocations=23 (full 0):
 garbage-first heap   total 110592K, used 92620K [0x0000000600000000, 0x0000000800000000)
  region size 4096K, 11 young (45056K), 2 survivors (8192K)
 Metaspace       used 80628K, committed 82368K, reserved 1179648K
  class space    used 11498K, committed 12352K, reserved 1048576K
}
Event: 26.243 GC heap after
{Heap after GC invocations=24 (full 0):
 garbage-first heap   total 110592K, used 64583K [0x0000000600000000, 0x0000000800000000)
  region size 4096K, 2 young (8192K), 2 survivors (8192K)
 Metaspace       used 80628K, committed 82368K, reserved 1179648K
  class space    used 11498K, committed 12352K, reserved 1048576K
}
Event: 26.869 GC heap before
{Heap before GC invocations=25 (full 0):
 garbage-first heap   total 110592K, used 97351K [0x0000000600000000, 0x0000000800000000)
  region size 4096K, 10 young (40960K), 2 survivors (8192K)
 Metaspace       used 83148K, committed 84992K, reserved 1179648K
  class space    used 11916K, committed 12800K, reserved 1048576K
}
Event: 26.871 GC heap after
{Heap after GC invocations=26 (full 0):
 garbage-first heap   total 110592K, used 64664K [0x0000000600000000, 0x0000000800000000)
  region size 4096K, 1 young (4096K), 1 survivors (4096K)
 Metaspace       used 83148K, committed 84992K, reserved 1179648K
  class space    used 11916K, committed 12800K, reserved 1048576K
}
Event: 29.051 GC heap before
{Heap before GC invocations=26 (full 0):
 garbage-first heap   total 110592K, used 89240K [0x0000000600000000, 0x0000000800000000)
  region size 4096K, 8 young (32768K), 1 survivors (4096K)
 Metaspace       used 84724K, committed 86656K, reserved 1179648K
  class space    used 12199K, committed 13184K, reserved 1048576K
}
Event: 29.054 GC heap after
{Heap after GC invocations=27 (full 0):
 garbage-first heap   total 110592K, used 67463K [0x0000000600000000, 0x0000000800000000)
  region size 4096K, 1 young (4096K), 1 survivors (4096K)
 Metaspace       used 84724K, committed 86656K, reserved 1179648K
  class space    used 12199K, committed 13184K, reserved 1048576K
}
Event: 31.705 GC heap before
{Heap before GC invocations=27 (full 0):
 garbage-first heap   total 110592K, used 96135K [0x0000000600000000, 0x0000000800000000)
  region size 4096K, 8 young (32768K), 1 survivors (4096K)
 Metaspace       used 85816K, committed 87680K, reserved 1179648K
  class space    used 12335K, committed 13248K, reserved 1048576K
}
Event: 31.713 GC heap after
{Heap after GC invocations=28 (full 0):
 garbage-first heap   total 110592K, used 68750K [0x0000000600000000, 0x0000000800000000)
  region size 4096K, 1 young (4096K), 1 survivors (4096K)
 Metaspace       used 85816K, committed 87680K, reserved 1179648K
  class space    used 12335K, committed 13248K, reserved 1048576K
}
Event: 32.967 GC heap before
{Heap before GC invocations=29 (full 0):
 garbage-first heap   total 122880K, used 93326K [0x0000000600000000, 0x0000000800000000)
  region size 4096K, 8 young (32768K), 1 survivors (4096K)
 Metaspace       used 85996K, committed 87872K, reserved 1179648K
  class space    used 12345K, committed 13248K, reserved 1048576K
}
Event: 32.970 GC heap after
{Heap after GC invocations=30 (full 0):
 garbage-first heap   total 122880K, used 73634K [0x0000000600000000, 0x0000000800000000)
  region size 4096K, 1 young (4096K), 1 survivors (4096K)
 Metaspace       used 85996K, committed 87872K, reserved 1179648K
  class space    used 12345K, committed 13248K, reserved 1048576K
}
Event: 33.077 GC heap before
{Heap before GC invocations=30 (full 0):
 garbage-first heap   total 122880K, used 106402K [0x0000000600000000, 0x0000000800000000)
  region size 4096K, 9 young (36864K), 1 survivors (4096K)
 Metaspace       used 86073K, committed 87936K, reserved 1179648K
  class space    used 12346K, committed 13248K, reserved 1048576K
}
Event: 33.080 GC heap after
{Heap after GC invocations=31 (full 0):
 garbage-first heap   total 122880K, used 76408K [0x0000000600000000, 0x0000000800000000)
  region size 4096K, 2 young (8192K), 2 survivors (8192K)
 Metaspace       used 86073K, committed 87936K, reserved 1179648K
  class space    used 12346K, committed 13248K, reserved 1048576K
}
Event: 33.148 GC heap before
{Heap before GC invocations=31 (full 0):
 garbage-first heap   total 122880K, used 100984K [0x0000000600000000, 0x0000000800000000)
  region size 4096K, 9 young (36864K), 2 survivors (8192K)
 Metaspace       used 86079K, committed 87936K, reserved 1179648K
  class space    used 12347K, committed 13248K, reserved 1048576K
}
Event: 33.151 GC heap after
{Heap after GC invocations=32 (full 0):
 garbage-first heap   total 122880K, used 77695K [0x0000000600000000, 0x0000000800000000)
  region size 4096K, 2 young (8192K), 2 survivors (8192K)
 Metaspace       used 86079K, committed 87936K, reserved 1179648K
  class space    used 12347K, committed 13248K, reserved 1048576K
}
Event: 33.285 GC heap before
{Heap before GC invocations=33 (full 0):
 garbage-first heap   total 139264K, used 102271K [0x0000000600000000, 0x0000000800000000)
  region size 4096K, 9 young (36864K), 2 survivors (8192K)
 Metaspace       used 86083K, committed 87936K, reserved 1179648K
  class space    used 12347K, committed 13248K, reserved 1048576K
}
Event: 33.289 GC heap after
{Heap after GC invocations=34 (full 0):
 garbage-first heap   total 139264K, used 78612K [0x0000000600000000, 0x0000000800000000)
  region size 4096K, 2 young (8192K), 2 survivors (8192K)
 Metaspace       used 86083K, committed 87936K, reserved 1179648K
  class space    used 12347K, committed 13248K, reserved 1048576K
}
Event: 33.567 GC heap before
{Heap before GC invocations=34 (full 0):
 garbage-first heap   total 139264K, used 115476K [0x0000000600000000, 0x0000000800000000)
  region size 4096K, 11 young (45056K), 2 survivors (8192K)
 Metaspace       used 86086K, committed 87936K, reserved 1179648K
  class space    used 12348K, committed 13248K, reserved 1048576K
}
Event: 33.571 GC heap after
{Heap after GC invocations=35 (full 0):
 garbage-first heap   total 139264K, used 78729K [0x0000000600000000, 0x0000000800000000)
  region size 4096K, 2 young (8192K), 2 survivors (8192K)
 Metaspace       used 86086K, committed 87936K, reserved 1179648K
  class space    used 12348K, committed 13248K, reserved 1048576K
}
Event: 34.077 GC heap before
{Heap before GC invocations=35 (full 0):
 garbage-first heap   total 139264K, used 115593K [0x0000000600000000, 0x0000000800000000)
  region size 4096K, 12 young (49152K), 2 survivors (8192K)
 Metaspace       used 86999K, committed 88832K, reserved 1179648K
  class space    used 12468K, committed 13376K, reserved 1048576K
}

